<?xml version="1.0" encoding="UTF-8"?>
<!-- Generated by org.testng.reporters.JUnitXMLReporter -->
<testsuite hostname="Saif" ignored="0" name="Test" tests="9" failures="1" timestamp="07 Sep 2018 03:34:51 GMT" time="259.214" errors="0">
  <testcase name="loginTest" time="31.591" classname="com.acorns.testcases.AccountLogInPageTest"/>
  <testcase name="loginTest" time="30.565" classname="com.acorns.testcases.AccountLogInPageTest"/>
  <testcase name="clickOnInvesmentLinkTest" time="6.566" classname="com.acorns.testcases.HomePageTest">
    <failure type="java.lang.AssertionError" message="expected [Learn More About Our Portfolios | corns] but found [Learn More About Our Portfolios | Acorns]">
      <![CDATA[java.lang.AssertionError: expected [Learn More About Our Portfolios | corns] but found [Learn More About Our Portfolios | Acorns]
at com.acorns.testcases.HomePageTest.clickOnInvesmentLinkTest(HomePageTest.java:37)
... Removed 31 stack frames]]>
    </failure>
  </testcase> <!-- clickOnInvesmentLinkTest -->
  <testcase name="clickOnFoundMoneyLinkTest" time="25.609" classname="com.acorns.testcases.HomePageTest"/>
  <testcase name="clickOnAcornsLaterLinkTest" time="4.411" classname="com.acorns.testcases.HomePageTest"/>
  <testcase name="clickOnSpendLinkTest" time="5.12" classname="com.acorns.testcases.HomePageTest"/>
  <testcase name="clickOnPricingLinkTest" time="4.709" classname="com.acorns.testcases.HomePageTest"/>
  <testcase name="clickOnGrowMagazineLinkTest" time="0.721" classname="com.acorns.testcases.HomePageTest"/>
  <testcase name="clickOnGiftCArdLinkTest" time="4.688" classname="com.acorns.testcases.HomePageTest"/>
</testsuite> <!-- Test -->
